TN:
SF:src/ejercicio-clase/complex/adapter.ts
FN:12,(anonymous_0)
FN:18,(anonymous_1)
FNF:2
FNH:2
FNDA:1,(anonymous_0)
FNDA:1,(anonymous_1)
DA:1,1
DA:2,1
DA:7,1
DA:12,1
DA:19,1
LF:5
LH:5
BRF:0
BRH:0
end_of_record
TN:
SF:src/ejercicio-clase/complex/complex.ts
FN:12,(anonymous_0)
FN:19,(anonymous_1)
FN:28,(anonymous_2)
FN:37,(anonymous_3)
FN:48,(anonymous_4)
FN:59,(anonymous_5)
FNF:6
FNH:6
FNDA:12,(anonymous_0)
FNDA:2,(anonymous_1)
FNDA:2,(anonymous_2)
FNDA:2,(anonymous_3)
FNDA:2,(anonymous_4)
FNDA:8,(anonymous_5)
DA:6,1
DA:12,12
DA:20,2
DA:29,2
DA:38,2
DA:39,2
DA:40,2
DA:49,2
DA:50,2
DA:51,2
DA:52,2
DA:60,8
DA:61,8
LF:13
LH:13
BRDA:60,0,0,2
BRDA:60,0,1,6
BRF:2
BRH:2
end_of_record
TN:
SF:src/ejercicio-clase/rational/rational.ts
FN:10,(anonymous_0)
FN:30,(anonymous_1)
FN:39,(anonymous_2)
FN:50,(anonymous_3)
FN:61,(anonymous_4)
FN:72,(anonymous_5)
FN:85,(anonymous_6)
FN:93,(anonymous_7)
FNF:8
FNH:8
FNDA:84,(anonymous_0)
FNDA:281,(anonymous_1)
FNDA:12,(anonymous_2)
FNDA:10,(anonymous_3)
FNDA:22,(anonymous_4)
FNDA:7,(anonymous_5)
FNDA:9,(anonymous_6)
FNDA:28,(anonymous_7)
DA:4,1
DA:10,84
DA:11,84
DA:12,1
DA:14,83
DA:15,83
DA:16,83
DA:18,83
DA:19,1
DA:20,1
DA:31,281
DA:40,12
DA:41,12
DA:42,12
DA:51,10
DA:52,10
DA:53,10
DA:62,22
DA:63,22
DA:64,22
DA:73,7
DA:74,1
DA:76,6
DA:77,6
DA:78,6
DA:86,9
DA:94,28
DA:95,2
DA:97,26
LF:29
LH:29
BRDA:11,0,0,1
BRDA:11,0,1,83
BRDA:18,1,0,1
BRDA:18,1,1,82
BRDA:31,2,0,83
BRDA:31,2,1,198
BRDA:73,3,0,1
BRDA:73,3,1,6
BRDA:94,4,0,2
BRDA:94,4,1,26
BRF:10
BRH:10
end_of_record
